DEPRECATION WARNING: Leaving `ActiveRecord::ConnectionAdapters::SQLite3Adapter.represent_boolean_as_integer`
set to false is deprecated. SQLite databases have used 't' and 'f' to serialize
boolean values and must have old data converted to 1 and 0 (its native boolean
serialization) before setting this flag to true. Conversion can be accomplished
by setting up a rake task which runs

  ExampleModel.where("boolean_column = 't'").update_all(boolean_column: 1)
  ExampleModel.where("boolean_column = 'f'").update_all(boolean_column: 0)

for all models and all boolean columns, after which the flag must be set to
true by adding the following to your application.rb file:

  Rails.application.config.active_record.sqlite3.represent_boolean_as_integer = true
 (called from load at /home/web/.rvm/gems/ruby-2.3.1/bin/rake:23)
DEPRECATION WARNING: Leaving `ActiveRecord::ConnectionAdapters::SQLite3Adapter.represent_boolean_as_integer`
set to false is deprecated. SQLite databases have used 't' and 'f' to serialize
boolean values and must have old data converted to 1 and 0 (its native boolean
serialization) before setting this flag to true. Conversion can be accomplished
by setting up a rake task which runs

  ExampleModel.where("boolean_column = 't'").update_all(boolean_column: 1)
  ExampleModel.where("boolean_column = 'f'").update_all(boolean_column: 0)

for all models and all boolean columns, after which the flag must be set to
true by adding the following to your application.rb file:

  Rails.application.config.active_record.sqlite3.represent_boolean_as_integer = true
 (called from load at /home/web/.rvm/gems/ruby-2.3.1/bin/rake:23)
  [1m[35m (0.1ms)[0m  [1m[34mSELECT sqlite_version(*)[0m
  [1m[35m (5.9ms)[0m  [1m[35mCREATE TABLE "schema_migrations" ("version" varchar NOT NULL PRIMARY KEY)[0m
  [1m[35m (3.9ms)[0m  [1m[35mCREATE TABLE "ar_internal_metadata" ("key" varchar NOT NULL PRIMARY KEY, "value" varchar, "created_at" datetime NOT NULL, "updated_at" datetime NOT NULL)[0m
  [1m[35m (0.1ms)[0m  [1m[34mSELECT "schema_migrations"."version" FROM "schema_migrations" ORDER BY "schema_migrations"."version" ASC[0m
Migrating to CreateUsers (20200131213136)
  [1m[35m (0.0ms)[0m  [1m[36mbegin transaction[0m
  [1m[35m (0.2ms)[0m  [1m[35mCREATE TABLE "users" ("id" integer PRIMARY KEY AUTOINCREMENT NOT NULL, "name" varchar, "created_at" datetime NOT NULL, "updated_at" datetime NOT NULL)[0m
  [1m[36mActiveRecord::SchemaMigration Create (0.1ms)[0m  [1m[32mINSERT INTO "schema_migrations" ("version") VALUES (?)[0m  [["version", "20200131213136"]]
  [1m[35m (2.7ms)[0m  [1m[36mcommit transaction[0m
Migrating to CreateProjects (20200203164546)
  [1m[35m (0.0ms)[0m  [1m[36mbegin transaction[0m
  [1m[35m (0.2ms)[0m  [1m[35mCREATE TABLE "projects" ("id" integer PRIMARY KEY AUTOINCREMENT NOT NULL, "name" varchar, "manager_id" integer, "created_at" datetime NOT NULL, "updated_at" datetime NOT NULL)[0m
  [1m[35m (0.1ms)[0m  [1m[35mCREATE  INDEX "index_projects_on_manager_id" ON "projects" ("manager_id")[0m
  [1m[36mActiveRecord::SchemaMigration Create (0.1ms)[0m  [1m[32mINSERT INTO "schema_migrations" ("version") VALUES (?)[0m  [["version", "20200203164546"]]
  [1m[35m (2.8ms)[0m  [1m[36mcommit transaction[0m
  [1m[36mActiveRecord::InternalMetadata Load (0.2ms)[0m  [1m[34mSELECT  "ar_internal_metadata".* FROM "ar_internal_metadata" WHERE "ar_internal_metadata"."key" = ? LIMIT ?[0m  [["key", "environment"], ["LIMIT", 1]]
  [1m[35m (0.1ms)[0m  [1m[36mbegin transaction[0m
  [1m[36mActiveRecord::InternalMetadata Create (0.2ms)[0m  [1m[32mINSERT INTO "ar_internal_metadata" ("key", "value", "created_at", "updated_at") VALUES (?, ?, ?, ?)[0m  [["key", "environment"], ["value", "development"], ["created_at", "2020-02-04 07:06:15.409940"], ["updated_at", "2020-02-04 07:06:15.409940"]]
  [1m[35m (2.6ms)[0m  [1m[36mcommit transaction[0m
  [1m[35m (0.1ms)[0m  [1m[34mSELECT "schema_migrations"."version" FROM "schema_migrations" ORDER BY "schema_migrations"."version" ASC[0m
DEPRECATION WARNING: Leaving `ActiveRecord::ConnectionAdapters::SQLite3Adapter.represent_boolean_as_integer`
set to false is deprecated. SQLite databases have used 't' and 'f' to serialize
boolean values and must have old data converted to 1 and 0 (its native boolean
serialization) before setting this flag to true. Conversion can be accomplished
by setting up a rake task which runs

  ExampleModel.where("boolean_column = 't'").update_all(boolean_column: 1)
  ExampleModel.where("boolean_column = 'f'").update_all(boolean_column: 0)

for all models and all boolean columns, after which the flag must be set to
true by adding the following to your application.rb file:

  Rails.application.config.active_record.sqlite3.represent_boolean_as_integer = true
 (called from load at /home/web/.rvm/gems/ruby-2.3.1/bin/rake:23)
  [1m[35m (0.1ms)[0m  [1m[34mSELECT "schema_migrations"."version" FROM "schema_migrations" ORDER BY "schema_migrations"."version" ASC[0m
  [1m[35m (0.0ms)[0m  [1m[36mbegin transaction[0m
  [1m[36mUser Create (0.2ms)[0m  [1m[32mINSERT INTO "users" ("name", "created_at", "updated_at") VALUES (?, ?, ?)[0m  [["name", "Elrond"], ["created_at", "2020-02-04 07:06:41.189401"], ["updated_at", "2020-02-04 07:06:41.189401"]]
  [1m[35m (240.1ms)[0m  [1m[36mcommit transaction[0m
  [1m[35m (0.1ms)[0m  [1m[36mbegin transaction[0m
  [1m[36mUser Create (0.5ms)[0m  [1m[32mINSERT INTO "users" ("name", "created_at", "updated_at") VALUES (?, ?, ?)[0m  [["name", "Boromir"], ["created_at", "2020-02-04 07:06:41.431410"], ["updated_at", "2020-02-04 07:06:41.431410"]]
  [1m[35m (243.9ms)[0m  [1m[36mcommit transaction[0m
  [1m[35m (0.1ms)[0m  [1m[36mbegin transaction[0m
  [1m[36mUser Create (0.5ms)[0m  [1m[32mINSERT INTO "users" ("name", "created_at", "updated_at") VALUES (?, ?, ?)[0m  [["name", "Tom Bombadil"], ["created_at", "2020-02-04 07:06:41.678295"], ["updated_at", "2020-02-04 07:06:41.678295"]]
  [1m[35m (246.0ms)[0m  [1m[36mcommit transaction[0m
  [1m[35m (0.1ms)[0m  [1m[36mbegin transaction[0m
  [1m[36mUser Create (0.6ms)[0m  [1m[32mINSERT INTO "users" ("name", "created_at", "updated_at") VALUES (?, ?, ?)[0m  [["name", "Sauron"], ["created_at", "2020-02-04 07:06:41.927447"], ["updated_at", "2020-02-04 07:06:41.927447"]]
  [1m[35m (247.2ms)[0m  [1m[36mcommit transaction[0m
  [1m[35m (0.1ms)[0m  [1m[36mbegin transaction[0m
  [1m[36mUser Create (0.5ms)[0m  [1m[32mINSERT INTO "users" ("name", "created_at", "updated_at") VALUES (?, ?, ?)[0m  [["name", "Aragorn"], ["created_at", "2020-02-04 07:06:42.177896"], ["updated_at", "2020-02-04 07:06:42.177896"]]
  [1m[35m (246.1ms)[0m  [1m[36mcommit transaction[0m
  [1m[35m (0.1ms)[0m  [1m[36mbegin transaction[0m
  [1m[36mUser Create (0.6ms)[0m  [1m[32mINSERT INTO "users" ("name", "created_at", "updated_at") VALUES (?, ?, ?)[0m  [["name", "Théoden"], ["created_at", "2020-02-04 07:06:42.427188"], ["updated_at", "2020-02-04 07:06:42.427188"]]
  [1m[35m (246.0ms)[0m  [1m[36mcommit transaction[0m
DEPRECATION WARNING: Leaving `ActiveRecord::ConnectionAdapters::SQLite3Adapter.represent_boolean_as_integer`
set to false is deprecated. SQLite databases have used 't' and 'f' to serialize
boolean values and must have old data converted to 1 and 0 (its native boolean
serialization) before setting this flag to true. Conversion can be accomplished
by setting up a rake task which runs

  ExampleModel.where("boolean_column = 't'").update_all(boolean_column: 1)
  ExampleModel.where("boolean_column = 'f'").update_all(boolean_column: 0)

for all models and all boolean columns, after which the flag must be set to
true by adding the following to your application.rb file:

  Rails.application.config.active_record.sqlite3.represent_boolean_as_integer = true
 (called from instance_eval at /home/web/.rvm/gems/ruby-2.3.1/gems/activesupport-5.2.4/lib/active_support/lazy_load_hooks.rb:71)
Started GET "/serviceworker.js?shop_store=[%22/%22]" for 127.0.0.1 at 2020-02-04 12:37:39 +0530
  [1m[35m (0.1ms)[0m  [1m[34mSELECT "schema_migrations"."version" FROM "schema_migrations" ORDER BY "schema_migrations"."version" ASC[0m
Processing by LandingController#index as */*
  Parameters: {"shop_store"=>"[\"/\"]", "path"=>"serviceworker.js"}
  Rendering landing/index.html.erb within layouts/application
  Rendered landing/index.html.erb within layouts/application (0.8ms)
Completed 200 OK in 138ms (Views: 134.1ms | ActiveRecord: 0.0ms)


Started GET "/" for 127.0.0.1 at 2020-02-04 12:37:39 +0530
Processing by LandingController#index as HTML
  Rendering landing/index.html.erb within layouts/application
  Rendered landing/index.html.erb within layouts/application (0.2ms)
Completed 200 OK in 4ms (Views: 3.4ms | ActiveRecord: 0.0ms)


Started GET "/" for 127.0.0.1 at 2020-02-04 12:37:39 +0530
Processing by LandingController#index as HTML
  Rendering landing/index.html.erb within layouts/application
  Rendered landing/index.html.erb within layouts/application (0.2ms)
Completed 200 OK in 4ms (Views: 3.7ms | ActiveRecord: 0.0ms)


Started GET "/serviceworker.js?shop_store=[%22/%22]" for 127.0.0.1 at 2020-02-04 12:37:40 +0530
Processing by LandingController#index as */*
  Parameters: {"shop_store"=>"[\"/\"]", "path"=>"serviceworker.js"}
  Rendering landing/index.html.erb within layouts/application
  Rendered landing/index.html.erb within layouts/application (0.3ms)
Completed 200 OK in 12ms (Views: 8.6ms | ActiveRecord: 0.0ms)


Started POST "/subscriber/validate" for 127.0.0.1 at 2020-02-04 12:37:40 +0530
  
ActionController::RoutingError (No route matches [POST] "/subscriber/validate"):
  
actionpack (5.2.4) lib/action_dispatch/middleware/debug_exceptions.rb:65:in `call'
actionpack (5.2.4) lib/action_dispatch/middleware/show_exceptions.rb:33:in `call'
railties (5.2.4) lib/rails/rack/logger.rb:38:in `call_app'
railties (5.2.4) lib/rails/rack/logger.rb:26:in `block in call'
activesupport (5.2.4) lib/active_support/tagged_logging.rb:71:in `block in tagged'
activesupport (5.2.4) lib/active_support/tagged_logging.rb:28:in `tagged'
activesupport (5.2.4) lib/active_support/tagged_logging.rb:71:in `tagged'
railties (5.2.4) lib/rails/rack/logger.rb:26:in `call'
actionpack (5.2.4) lib/action_dispatch/middleware/remote_ip.rb:81:in `call'
actionpack (5.2.4) lib/action_dispatch/middleware/request_id.rb:27:in `call'
rack (2.1.2) lib/rack/method_override.rb:24:in `call'
rack (2.1.2) lib/rack/runtime.rb:24:in `call'
activesupport (5.2.4) lib/active_support/cache/strategy/local_cache_middleware.rb:29:in `call'
actionpack (5.2.4) lib/action_dispatch/middleware/executor.rb:14:in `call'
actionpack (5.2.4) lib/action_dispatch/middleware/static.rb:127:in `call'
rack (2.1.2) lib/rack/sendfile.rb:113:in `call'
webpacker (4.2.2) lib/webpacker/dev_server_proxy.rb:23:in `perform_request'
rack-proxy (0.6.5) lib/rack/proxy.rb:57:in `call'
railties (5.2.4) lib/rails/engine.rb:524:in `call'
rack (2.1.2) lib/rack/handler/webrick.rb:88:in `service'
/home/web/.rvm/rubies/ruby-2.3.1/lib/ruby/2.3.0/webrick/httpserver.rb:140:in `service'
/home/web/.rvm/rubies/ruby-2.3.1/lib/ruby/2.3.0/webrick/httpserver.rb:96:in `run'
/home/web/.rvm/rubies/ruby-2.3.1/lib/ruby/2.3.0/webrick/server.rb:296:in `block in start_thread'
Started GET "/serviceworker.js?shop_store=[%22/%22]" for 127.0.0.1 at 2020-02-04 12:37:41 +0530
Processing by LandingController#index as */*
  Parameters: {"shop_store"=>"[\"/\"]", "path"=>"serviceworker.js"}
  Rendering landing/index.html.erb within layouts/application
  Rendered landing/index.html.erb within layouts/application (0.2ms)
Completed 200 OK in 8ms (Views: 5.4ms | ActiveRecord: 0.0ms)


Started GET "/" for 127.0.0.1 at 2020-02-04 12:37:43 +0530
Processing by LandingController#index as HTML
  Rendering landing/index.html.erb within layouts/application
  Rendered landing/index.html.erb within layouts/application (0.2ms)
Completed 200 OK in 7ms (Views: 6.7ms | ActiveRecord: 0.0ms)


Started GET "/assets/application.self-9f325836379a48efaf52c9c2faf78547545539daed904a3e87c6500372bd14a1.css?body=1" for 127.0.0.1 at 2020-02-04 12:37:43 +0530
DEPRECATION WARNING: Leaving `ActiveRecord::ConnectionAdapters::SQLite3Adapter.represent_boolean_as_integer`
set to false is deprecated. SQLite databases have used 't' and 'f' to serialize
boolean values and must have old data converted to 1 and 0 (its native boolean
serialization) before setting this flag to true. Conversion can be accomplished
by setting up a rake task which runs

  ExampleModel.where("boolean_column = 't'").update_all(boolean_column: 1)
  ExampleModel.where("boolean_column = 'f'").update_all(boolean_column: 0)

for all models and all boolean columns, after which the flag must be set to
true by adding the following to your application.rb file:

  Rails.application.config.active_record.sqlite3.represent_boolean_as_integer = true
 (called from instance_eval at /home/web/.rvm/gems/ruby-2.3.1/gems/activesupport-5.2.4/lib/active_support/lazy_load_hooks.rb:71)
Started GET "/users" for 127.0.0.1 at 2020-02-04 14:12:35 +0530
  [1m[35m (0.1ms)[0m  [1m[34mSELECT "schema_migrations"."version" FROM "schema_migrations" ORDER BY "schema_migrations"."version" ASC[0m
Processing by LandingController#index as HTML
  Parameters: {"path"=>"users"}
  Rendering landing/index.html.erb within layouts/application
  Rendered landing/index.html.erb within layouts/application (1.8ms)
[Webpacker] Compiling...
[Webpacker] Compiled all packs in /home/web/workbench/live/rails_vue_coding_challenge/public/packs
[Webpacker] warning package.json: No license field

[Webpacker] Hash: 5110b91d5e4f4cb6476d
Version: webpack 4.41.5
Time: 1816ms
Built at: 04/02/2020 2:12:39 pm
                                          Asset      Size            Chunks                         Chunk Names
             js/0-831596582e5c11b88f66.chunk.js  18.4 KiB                 0  [emitted] [immutable]  
         js/0-831596582e5c11b88f66.chunk.js.map   8.6 KiB                 0  [emitted] [dev]        
             js/1-9354e862912e6523f8a1.chunk.js  44.5 KiB                 1  [emitted] [immutable]  
         js/1-9354e862912e6523f8a1.chunk.js.map  52.5 KiB                 1  [emitted] [dev]        
         js/application-4ba92c28adf07cd9af65.js   360 KiB       application  [emitted] [immutable]  application
     js/application-4ba92c28adf07cd9af65.js.map   431 KiB       application  [emitted] [dev]        application
        js/router/index-a4ea4d824b68e63717af.js   313 KiB      router/index  [emitted] [immutable]  router/index
    js/router/index-a4ea4d824b68e63717af.js.map   384 KiB      router/index  [emitted] [dev]        router/index
    js/views/UsersIndex-1d9f91704654cd36f75d.js  67.4 KiB  views/UsersIndex  [emitted] [immutable]  views/UsersIndex
js/views/UsersIndex-1d9f91704654cd36f75d.js.map  65.5 KiB  views/UsersIndex  [emitted] [dev]        views/UsersIndex
          js/vuex/index-f0852fb59acbc0a277bc.js   269 KiB        vuex/index  [emitted] [immutable]  vuex/index
      js/vuex/index-f0852fb59acbc0a277bc.js.map   329 KiB        vuex/index  [emitted] [dev]        vuex/index
           js/vuex/user-8065a256b2917e6e11ee.js  5.16 KiB         vuex/user  [emitted] [immutable]  vuex/user
       js/vuex/user-8065a256b2917e6e11ee.js.map  4.88 KiB         vuex/user  [emitted] [dev]        vuex/user
                                  manifest.json   1.7 KiB                    [emitted]              
Entrypoint application = js/application-4ba92c28adf07cd9af65.js js/application-4ba92c28adf07cd9af65.js.map
Entrypoint router/index = js/router/index-a4ea4d824b68e63717af.js js/router/index-a4ea4d824b68e63717af.js.map
Entrypoint views/UsersIndex = js/views/UsersIndex-1d9f91704654cd36f75d.js js/views/UsersIndex-1d9f91704654cd36f75d.js.map
Entrypoint vuex/index = js/vuex/index-f0852fb59acbc0a277bc.js js/vuex/index-f0852fb59acbc0a277bc.js.map
Entrypoint vuex/user = js/vuex/user-8065a256b2917e6e11ee.js js/vuex/user-8065a256b2917e6e11ee.js.map
[./app/javascript/packs/application.js] 1.16 KiB {application} [built]
[./app/javascript/packs/router/index.js] 601 bytes {router/index} {application} [built]
[./app/javascript/packs/views/UsersIndex.vue] 1.24 KiB {views/UsersIndex} {0} [built]
[./app/javascript/packs/views/UsersIndex.vue?vue&type=script&lang=js&] 402 bytes {views/UsersIndex} {0} [built]
[./app/javascript/packs/views/UsersIndex.vue?vue&type=style&index=0&id=34ea41d6&scoped=true&lang=css&] 820 bytes {views/UsersIndex} {0} [built]
[./app/javascript/packs/views/UsersIndex.vue?vue&type=template&id=34ea41d6&scoped=true&] 232 bytes {views/UsersIndex} {0} [built]
[./app/javascript/packs/vuex/index.js] 157 bytes {vuex/index} {application} [built]
[./app/javascript/packs/vuex/user.js] 1.15 KiB {vuex/user} {application} {vuex/index} [built]
[./node_modules/babel-loader/lib/index.js?!./node_modules/vue-loader/lib/index.js?!./app/javascript/packs/views/UsersIndex.vue?vue&type=script&lang=js&] ./node_modules/babel-loader/lib??ref--8-0!./node_modules/vue-loader/lib??vue-loader-options!./app/javascript/packs/views/UsersIndex.vue?vue&type=script&lang=js& 325 bytes {views/UsersIndex} {0} [built]
[./node_modules/css-loader/dist/cjs.js?!./node_modules/vue-loader/lib/loaders/stylePostLoader.js!./node_modules/postcss-loader/src/index.js?!./node_modules/vue-loader/lib/index.js?!./app/javascript/packs/views/UsersIndex.vue?vue&type=style&index=0&id=34ea41d6&scoped=true&lang=css&] ./node_modules/css-loader/dist/cjs.js??ref--3-1!./node_modules/vue-loader/lib/loaders/stylePostLoader.js!./node_modules/postcss-loader/src??ref--3-2!./node_modules/vue-loader/lib??vue-loader-options!./app/javascript/packs/views/UsersIndex.vue?vue&type=style&index=0&id=34ea41d6&scoped=true&lang=css& 2.12 KiB {views/UsersIndex} {0} [built]
[./node_modules/style-loader/dist/cjs.js!./node_modules/css-loader/dist/cjs.js?!./node_modules/vue-loader/lib/loaders/stylePostLoader.js!./node_modules/postcss-loader/src/index.js?!./node_modules/vue-loader/lib/index.js?!./app/javascript/packs/views/UsersIndex.vue?vue&type=style&index=0&id=34ea41d6&scoped=true&lang=css&] ./node_modules/style-loader/dist/cjs.js!./node_modules/css-loader/dist/cjs.js??ref--3-1!./node_modules/vue-loader/lib/loaders/stylePostLoader.js!./node_modules/postcss-loader/src??ref--3-2!./node_modules/vue-loader/lib??vue-loader-options!./app/javascript/packs/views/UsersIndex.vue?vue&type=style&index=0&id=34ea41d6&scoped=true&lang=css& 850 bytes {views/UsersIndex} {0} [built]
[./node_modules/vue-loader/lib/loaders/templateLoader.js?!./node_modules/vue-loader/lib/index.js?!./app/javascript/packs/views/UsersIndex.vue?vue&type=template&id=34ea41d6&scoped=true&] ./node_modules/vue-loader/lib/loaders/templateLoader.js??vue-loader-options!./node_modules/vue-loader/lib??vue-loader-options!./app/javascript/packs/views/UsersIndex.vue?vue&type=template&id=34ea41d6&scoped=true& 380 bytes {views/UsersIndex} {0} [built]
[./node_modules/webpack/buildin/global.js] (webpack)/buildin/global.js 905 bytes {application} {router/index} {views/UsersIndex} {vuex/index} [built]
    + 14 hidden modules

Completed 200 OK in 3765ms (Views: 3765.0ms | ActiveRecord: 0.0ms)


Started GET "/assets/application.self-9f325836379a48efaf52c9c2faf78547545539daed904a3e87c6500372bd14a1.css?body=1" for 127.0.0.1 at 2020-02-04 14:12:39 +0530
DEPRECATION WARNING: Leaving `ActiveRecord::ConnectionAdapters::SQLite3Adapter.represent_boolean_as_integer`
set to false is deprecated. SQLite databases have used 't' and 'f' to serialize
boolean values and must have old data converted to 1 and 0 (its native boolean
serialization) before setting this flag to true. Conversion can be accomplished
by setting up a rake task which runs

  ExampleModel.where("boolean_column = 't'").update_all(boolean_column: 1)
  ExampleModel.where("boolean_column = 'f'").update_all(boolean_column: 0)

for all models and all boolean columns, after which the flag must be set to
true by adding the following to your application.rb file:

  Rails.application.config.active_record.sqlite3.represent_boolean_as_integer = true
 (called from require at bin/rails:9)
DEPRECATION WARNING: Leaving `ActiveRecord::ConnectionAdapters::SQLite3Adapter.represent_boolean_as_integer`
set to false is deprecated. SQLite databases have used 't' and 'f' to serialize
boolean values and must have old data converted to 1 and 0 (its native boolean
serialization) before setting this flag to true. Conversion can be accomplished
by setting up a rake task which runs

  ExampleModel.where("boolean_column = 't'").update_all(boolean_column: 1)
  ExampleModel.where("boolean_column = 'f'").update_all(boolean_column: 0)

for all models and all boolean columns, after which the flag must be set to
true by adding the following to your application.rb file:

  Rails.application.config.active_record.sqlite3.represent_boolean_as_integer = true
 (called from load at /home/web/.rvm/gems/ruby-2.3.1/bin/rake:23)
  [1m[35m (0.2ms)[0m  [1m[34mSELECT "schema_migrations"."version" FROM "schema_migrations" ORDER BY "schema_migrations"."version" ASC[0m
Migrating to CreateProjectUsers (20200204085206)
  [1m[35m (0.4ms)[0m  [1m[36mbegin transaction[0m
  [1m[35m (0.1ms)[0m  [1m[34mSELECT sqlite_version(*)[0m
  [1m[35m (0.5ms)[0m  [1m[35mCREATE TABLE "project_users" ("id" integer PRIMARY KEY AUTOINCREMENT NOT NULL, "project_id" integer, "user_id" integer, "created_at" datetime NOT NULL, "updated_at" datetime NOT NULL)[0m
  [1m[35m (0.1ms)[0m  [1m[35mCREATE  INDEX "index_project_users_on_project_id" ON "project_users" ("project_id")[0m
  [1m[35m (0.1ms)[0m  [1m[35mCREATE UNIQUE INDEX "index_project_users_on_user_id" ON "project_users" ("user_id")[0m
  [1m[36mActiveRecord::SchemaMigration Create (0.3ms)[0m  [1m[32mINSERT INTO "schema_migrations" ("version") VALUES (?)[0m  [["version", "20200204085206"]]
  [1m[35m (3.7ms)[0m  [1m[36mcommit transaction[0m
  [1m[36mActiveRecord::InternalMetadata Load (2.6ms)[0m  [1m[34mSELECT  "ar_internal_metadata".* FROM "ar_internal_metadata" WHERE "ar_internal_metadata"."key" = ? LIMIT ?[0m  [["key", "environment"], ["LIMIT", 1]]
  [1m[35m (0.1ms)[0m  [1m[36mbegin transaction[0m
  [1m[35m (0.0ms)[0m  [1m[36mcommit transaction[0m
  [1m[35m (0.1ms)[0m  [1m[34mSELECT "schema_migrations"."version" FROM "schema_migrations" ORDER BY "schema_migrations"."version" ASC[0m
DEPRECATION WARNING: Leaving `ActiveRecord::ConnectionAdapters::SQLite3Adapter.represent_boolean_as_integer`
set to false is deprecated. SQLite databases have used 't' and 'f' to serialize
boolean values and must have old data converted to 1 and 0 (its native boolean
serialization) before setting this flag to true. Conversion can be accomplished
by setting up a rake task which runs

  ExampleModel.where("boolean_column = 't'").update_all(boolean_column: 1)
  ExampleModel.where("boolean_column = 'f'").update_all(boolean_column: 0)

for all models and all boolean columns, after which the flag must be set to
true by adding the following to your application.rb file:

  Rails.application.config.active_record.sqlite3.represent_boolean_as_integer = true
 (called from require at bin/rails:9)
DEPRECATION WARNING: Leaving `ActiveRecord::ConnectionAdapters::SQLite3Adapter.represent_boolean_as_integer`
set to false is deprecated. SQLite databases have used 't' and 'f' to serialize
boolean values and must have old data converted to 1 and 0 (its native boolean
serialization) before setting this flag to true. Conversion can be accomplished
by setting up a rake task which runs

  ExampleModel.where("boolean_column = 't'").update_all(boolean_column: 1)
  ExampleModel.where("boolean_column = 'f'").update_all(boolean_column: 0)

for all models and all boolean columns, after which the flag must be set to
true by adding the following to your application.rb file:

  Rails.application.config.active_record.sqlite3.represent_boolean_as_integer = true
 (called from require at bin/rails:9)
DEPRECATION WARNING: Leaving `ActiveRecord::ConnectionAdapters::SQLite3Adapter.represent_boolean_as_integer`
set to false is deprecated. SQLite databases have used 't' and 'f' to serialize
boolean values and must have old data converted to 1 and 0 (its native boolean
serialization) before setting this flag to true. Conversion can be accomplished
by setting up a rake task which runs

  ExampleModel.where("boolean_column = 't'").update_all(boolean_column: 1)
  ExampleModel.where("boolean_column = 'f'").update_all(boolean_column: 0)

for all models and all boolean columns, after which the flag must be set to
true by adding the following to your application.rb file:

  Rails.application.config.active_record.sqlite3.represent_boolean_as_integer = true
 (called from require at bin/rails:9)
DEPRECATION WARNING: Leaving `ActiveRecord::ConnectionAdapters::SQLite3Adapter.represent_boolean_as_integer`
set to false is deprecated. SQLite databases have used 't' and 'f' to serialize
boolean values and must have old data converted to 1 and 0 (its native boolean
serialization) before setting this flag to true. Conversion can be accomplished
by setting up a rake task which runs

  ExampleModel.where("boolean_column = 't'").update_all(boolean_column: 1)
  ExampleModel.where("boolean_column = 'f'").update_all(boolean_column: 0)

for all models and all boolean columns, after which the flag must be set to
true by adding the following to your application.rb file:

  Rails.application.config.active_record.sqlite3.represent_boolean_as_integer = true
 (called from require at bin/rails:9)
DEPRECATION WARNING: Leaving `ActiveRecord::ConnectionAdapters::SQLite3Adapter.represent_boolean_as_integer`
set to false is deprecated. SQLite databases have used 't' and 'f' to serialize
boolean values and must have old data converted to 1 and 0 (its native boolean
serialization) before setting this flag to true. Conversion can be accomplished
by setting up a rake task which runs

  ExampleModel.where("boolean_column = 't'").update_all(boolean_column: 1)
  ExampleModel.where("boolean_column = 'f'").update_all(boolean_column: 0)

for all models and all boolean columns, after which the flag must be set to
true by adding the following to your application.rb file:

  Rails.application.config.active_record.sqlite3.represent_boolean_as_integer = true
 (called from load at /home/web/.rvm/gems/ruby-2.3.1/bin/rake:23)
  [1m[35m (0.1ms)[0m  [1m[34mSELECT "schema_migrations"."version" FROM "schema_migrations" ORDER BY "schema_migrations"."version" ASC[0m
  [1m[36mActiveRecord::InternalMetadata Load (0.1ms)[0m  [1m[34mSELECT  "ar_internal_metadata".* FROM "ar_internal_metadata" WHERE "ar_internal_metadata"."key" = ? LIMIT ?[0m  [["key", "environment"], ["LIMIT", 1]]
  [1m[35m (0.0ms)[0m  [1m[36mbegin transaction[0m
  [1m[35m (0.0ms)[0m  [1m[36mcommit transaction[0m
  [1m[35m (0.0ms)[0m  [1m[34mSELECT "schema_migrations"."version" FROM "schema_migrations" ORDER BY "schema_migrations"."version" ASC[0m
DEPRECATION WARNING: Leaving `ActiveRecord::ConnectionAdapters::SQLite3Adapter.represent_boolean_as_integer`
set to false is deprecated. SQLite databases have used 't' and 'f' to serialize
boolean values and must have old data converted to 1 and 0 (its native boolean
serialization) before setting this flag to true. Conversion can be accomplished
by setting up a rake task which runs

  ExampleModel.where("boolean_column = 't'").update_all(boolean_column: 1)
  ExampleModel.where("boolean_column = 'f'").update_all(boolean_column: 0)

for all models and all boolean columns, after which the flag must be set to
true by adding the following to your application.rb file:

  Rails.application.config.active_record.sqlite3.represent_boolean_as_integer = true
 (called from require at bin/rails:9)
DEPRECATION WARNING: Leaving `ActiveRecord::ConnectionAdapters::SQLite3Adapter.represent_boolean_as_integer`
set to false is deprecated. SQLite databases have used 't' and 'f' to serialize
boolean values and must have old data converted to 1 and 0 (its native boolean
serialization) before setting this flag to true. Conversion can be accomplished
by setting up a rake task which runs

  ExampleModel.where("boolean_column = 't'").update_all(boolean_column: 1)
  ExampleModel.where("boolean_column = 'f'").update_all(boolean_column: 0)

for all models and all boolean columns, after which the flag must be set to
true by adding the following to your application.rb file:

  Rails.application.config.active_record.sqlite3.represent_boolean_as_integer = true
 (called from load at /home/web/.rvm/gems/ruby-2.3.1/bin/rake:23)
  [1m[35m (0.1ms)[0m  [1m[34mSELECT "schema_migrations"."version" FROM "schema_migrations" ORDER BY "schema_migrations"."version" ASC[0m
  [1m[35m (0.0ms)[0m  [1m[34mSELECT "schema_migrations"."version" FROM "schema_migrations" ORDER BY "schema_migrations"."version" ASC[0m
  [1m[35m (0.0ms)[0m  [1m[34mSELECT "schema_migrations"."version" FROM "schema_migrations" ORDER BY "schema_migrations"."version" ASC[0m
  [1m[35m (0.0ms)[0m  [1m[34mSELECT "schema_migrations"."version" FROM "schema_migrations" ORDER BY "schema_migrations"."version" ASC[0m
Migrating to CreateProjectUsers (20200204085206)
  [1m[35m (0.0ms)[0m  [1m[36mbegin transaction[0m
  [1m[35m (0.4ms)[0m  [1m[35mDROP INDEX "index_project_users_on_user_id"[0m
  [1m[35m (0.5ms)[0m  [1m[35mDROP TABLE "project_users"[0m
  [1m[36mActiveRecord::SchemaMigration Destroy (0.3ms)[0m  [1m[31mDELETE FROM "schema_migrations" WHERE "schema_migrations"."version" = ?[0m  [["version", "20200204085206"]]
  [1m[35m (2.3ms)[0m  [1m[36mcommit transaction[0m
  [1m[35m (0.1ms)[0m  [1m[34mSELECT "schema_migrations"."version" FROM "schema_migrations" ORDER BY "schema_migrations"."version" ASC[0m
DEPRECATION WARNING: Leaving `ActiveRecord::ConnectionAdapters::SQLite3Adapter.represent_boolean_as_integer`
set to false is deprecated. SQLite databases have used 't' and 'f' to serialize
boolean values and must have old data converted to 1 and 0 (its native boolean
serialization) before setting this flag to true. Conversion can be accomplished
by setting up a rake task which runs

  ExampleModel.where("boolean_column = 't'").update_all(boolean_column: 1)
  ExampleModel.where("boolean_column = 'f'").update_all(boolean_column: 0)

for all models and all boolean columns, after which the flag must be set to
true by adding the following to your application.rb file:

  Rails.application.config.active_record.sqlite3.represent_boolean_as_integer = true
 (called from require at bin/rails:9)
DEPRECATION WARNING: Leaving `ActiveRecord::ConnectionAdapters::SQLite3Adapter.represent_boolean_as_integer`
set to false is deprecated. SQLite databases have used 't' and 'f' to serialize
boolean values and must have old data converted to 1 and 0 (its native boolean
serialization) before setting this flag to true. Conversion can be accomplished
by setting up a rake task which runs

  ExampleModel.where("boolean_column = 't'").update_all(boolean_column: 1)
  ExampleModel.where("boolean_column = 'f'").update_all(boolean_column: 0)

for all models and all boolean columns, after which the flag must be set to
true by adding the following to your application.rb file:

  Rails.application.config.active_record.sqlite3.represent_boolean_as_integer = true
 (called from require at bin/rails:9)
DEPRECATION WARNING: Leaving `ActiveRecord::ConnectionAdapters::SQLite3Adapter.represent_boolean_as_integer`
set to false is deprecated. SQLite databases have used 't' and 'f' to serialize
boolean values and must have old data converted to 1 and 0 (its native boolean
serialization) before setting this flag to true. Conversion can be accomplished
by setting up a rake task which runs

  ExampleModel.where("boolean_column = 't'").update_all(boolean_column: 1)
  ExampleModel.where("boolean_column = 'f'").update_all(boolean_column: 0)

for all models and all boolean columns, after which the flag must be set to
true by adding the following to your application.rb file:

  Rails.application.config.active_record.sqlite3.represent_boolean_as_integer = true
 (called from load at /home/web/.rvm/gems/ruby-2.3.1/bin/rake:23)
  [1m[35m (0.1ms)[0m  [1m[34mSELECT "schema_migrations"."version" FROM "schema_migrations" ORDER BY "schema_migrations"."version" ASC[0m
Migrating to CreateProjectUsers (20200204085206)
  [1m[35m (0.0ms)[0m  [1m[36mbegin transaction[0m
  [1m[35m (0.0ms)[0m  [1m[34mSELECT sqlite_version(*)[0m
  [1m[35m (0.2ms)[0m  [1m[35mCREATE TABLE "project_users" ("id" integer PRIMARY KEY AUTOINCREMENT NOT NULL, "project_id" integer, "user_id" integer, "created_at" datetime NOT NULL, "updated_at" datetime NOT NULL)[0m
  [1m[35m (0.1ms)[0m  [1m[35mCREATE  INDEX "index_project_users_on_project_id" ON "project_users" ("project_id")[0m
  [1m[35m (0.1ms)[0m  [1m[35mCREATE UNIQUE INDEX "index_project_users_on_user_id" ON "project_users" ("user_id")[0m
  [1m[36mActiveRecord::SchemaMigration Create (0.1ms)[0m  [1m[32mINSERT INTO "schema_migrations" ("version") VALUES (?)[0m  [["version", "20200204085206"]]
  [1m[35m (1.7ms)[0m  [1m[36mcommit transaction[0m
  [1m[36mActiveRecord::InternalMetadata Load (0.2ms)[0m  [1m[34mSELECT  "ar_internal_metadata".* FROM "ar_internal_metadata" WHERE "ar_internal_metadata"."key" = ? LIMIT ?[0m  [["key", "environment"], ["LIMIT", 1]]
  [1m[35m (0.1ms)[0m  [1m[36mbegin transaction[0m
  [1m[35m (0.1ms)[0m  [1m[36mcommit transaction[0m
  [1m[35m (0.1ms)[0m  [1m[34mSELECT "schema_migrations"."version" FROM "schema_migrations" ORDER BY "schema_migrations"."version" ASC[0m
DEPRECATION WARNING: Leaving `ActiveRecord::ConnectionAdapters::SQLite3Adapter.represent_boolean_as_integer`
set to false is deprecated. SQLite databases have used 't' and 'f' to serialize
boolean values and must have old data converted to 1 and 0 (its native boolean
serialization) before setting this flag to true. Conversion can be accomplished
by setting up a rake task which runs

  ExampleModel.where("boolean_column = 't'").update_all(boolean_column: 1)
  ExampleModel.where("boolean_column = 'f'").update_all(boolean_column: 0)

for all models and all boolean columns, after which the flag must be set to
true by adding the following to your application.rb file:

  Rails.application.config.active_record.sqlite3.represent_boolean_as_integer = true
 (called from require at bin/rails:9)
DEPRECATION WARNING: Leaving `ActiveRecord::ConnectionAdapters::SQLite3Adapter.represent_boolean_as_integer`
set to false is deprecated. SQLite databases have used 't' and 'f' to serialize
boolean values and must have old data converted to 1 and 0 (its native boolean
serialization) before setting this flag to true. Conversion can be accomplished
by setting up a rake task which runs

  ExampleModel.where("boolean_column = 't'").update_all(boolean_column: 1)
  ExampleModel.where("boolean_column = 'f'").update_all(boolean_column: 0)

for all models and all boolean columns, after which the flag must be set to
true by adding the following to your application.rb file:

  Rails.application.config.active_record.sqlite3.represent_boolean_as_integer = true
 (called from require at bin/rails:9)
DEPRECATION WARNING: Leaving `ActiveRecord::ConnectionAdapters::SQLite3Adapter.represent_boolean_as_integer`
set to false is deprecated. SQLite databases have used 't' and 'f' to serialize
boolean values and must have old data converted to 1 and 0 (its native boolean
serialization) before setting this flag to true. Conversion can be accomplished
by setting up a rake task which runs

  ExampleModel.where("boolean_column = 't'").update_all(boolean_column: 1)
  ExampleModel.where("boolean_column = 'f'").update_all(boolean_column: 0)

for all models and all boolean columns, after which the flag must be set to
true by adding the following to your application.rb file:

  Rails.application.config.active_record.sqlite3.represent_boolean_as_integer = true
 (called from require at bin/rails:9)
DEPRECATION WARNING: Leaving `ActiveRecord::ConnectionAdapters::SQLite3Adapter.represent_boolean_as_integer`
set to false is deprecated. SQLite databases have used 't' and 'f' to serialize
boolean values and must have old data converted to 1 and 0 (its native boolean
serialization) before setting this flag to true. Conversion can be accomplished
by setting up a rake task which runs

  ExampleModel.where("boolean_column = 't'").update_all(boolean_column: 1)
  ExampleModel.where("boolean_column = 'f'").update_all(boolean_column: 0)

for all models and all boolean columns, after which the flag must be set to
true by adding the following to your application.rb file:

  Rails.application.config.active_record.sqlite3.represent_boolean_as_integer = true
 (called from instance_eval at /home/web/.rvm/gems/ruby-2.3.1/gems/activesupport-5.2.4/lib/active_support/lazy_load_hooks.rb:71)
Started GET "/api/v1/projects" for 127.0.0.1 at 2020-02-04 15:23:23 +0530
  [1m[35m (0.1ms)[0m  [1m[34mSELECT "schema_migrations"."version" FROM "schema_migrations" ORDER BY "schema_migrations"."version" ASC[0m
  
ActionController::RoutingError (uninitialized constant ApiController):
  
app/controllers/api/v1/projects_controller.rb:1:in `<top (required)>'
Started POST "/api/v1/projects" for 127.0.0.1 at 2020-02-04 15:25:21 +0530
  
AbstractController::ActionNotFound (The action 'create' could not be found for Api::V1::ProjectsController):
  
actionpack (5.2.4) lib/abstract_controller/base.rb:129:in `process'
actionview (5.2.4) lib/action_view/rendering.rb:32:in `process'
actionpack (5.2.4) lib/action_controller/metal.rb:191:in `dispatch'
actionpack (5.2.4) lib/action_controller/metal.rb:252:in `dispatch'
actionpack (5.2.4) lib/action_dispatch/routing/route_set.rb:52:in `dispatch'
actionpack (5.2.4) lib/action_dispatch/routing/route_set.rb:34:in `serve'
actionpack (5.2.4) lib/action_dispatch/journey/router.rb:52:in `block in serve'
actionpack (5.2.4) lib/action_dispatch/journey/router.rb:35:in `each'
actionpack (5.2.4) lib/action_dispatch/journey/router.rb:35:in `serve'
actionpack (5.2.4) lib/action_dispatch/routing/route_set.rb:840:in `call'
rack (2.1.2) lib/rack/tempfile_reaper.rb:17:in `call'
rack (2.1.2) lib/rack/etag.rb:27:in `call'
rack (2.1.2) lib/rack/conditional_get.rb:40:in `call'
rack (2.1.2) lib/rack/head.rb:14:in `call'
actionpack (5.2.4) lib/action_dispatch/http/content_security_policy.rb:18:in `call'
rack (2.1.2) lib/rack/session/abstract/id.rb:269:in `context'
rack (2.1.2) lib/rack/session/abstract/id.rb:263:in `call'
actionpack (5.2.4) lib/action_dispatch/middleware/cookies.rb:670:in `call'
activerecord (5.2.4) lib/active_record/migration.rb:559:in `call'
actionpack (5.2.4) lib/action_dispatch/middleware/callbacks.rb:28:in `block in call'
activesupport (5.2.4) lib/active_support/callbacks.rb:98:in `run_callbacks'
actionpack (5.2.4) lib/action_dispatch/middleware/callbacks.rb:26:in `call'
actionpack (5.2.4) lib/action_dispatch/middleware/executor.rb:14:in `call'
actionpack (5.2.4) lib/action_dispatch/middleware/debug_exceptions.rb:61:in `call'
actionpack (5.2.4) lib/action_dispatch/middleware/show_exceptions.rb:33:in `call'
railties (5.2.4) lib/rails/rack/logger.rb:38:in `call_app'
railties (5.2.4) lib/rails/rack/logger.rb:26:in `block in call'
activesupport (5.2.4) lib/active_support/tagged_logging.rb:71:in `block in tagged'
activesupport (5.2.4) lib/active_support/tagged_logging.rb:28:in `tagged'
activesupport (5.2.4) lib/active_support/tagged_logging.rb:71:in `tagged'
railties (5.2.4) lib/rails/rack/logger.rb:26:in `call'
actionpack (5.2.4) lib/action_dispatch/middleware/remote_ip.rb:81:in `call'
actionpack (5.2.4) lib/action_dispatch/middleware/request_id.rb:27:in `call'
rack (2.1.2) lib/rack/method_override.rb:24:in `call'
rack (2.1.2) lib/rack/runtime.rb:24:in `call'
activesupport (5.2.4) lib/active_support/cache/strategy/local_cache_middleware.rb:29:in `call'
actionpack (5.2.4) lib/action_dispatch/middleware/executor.rb:14:in `call'
actionpack (5.2.4) lib/action_dispatch/middleware/static.rb:127:in `call'
rack (2.1.2) lib/rack/sendfile.rb:113:in `call'
webpacker (4.2.2) lib/webpacker/dev_server_proxy.rb:23:in `perform_request'
rack-proxy (0.6.5) lib/rack/proxy.rb:57:in `call'
railties (5.2.4) lib/rails/engine.rb:524:in `call'
rack (2.1.2) lib/rack/handler/webrick.rb:88:in `service'
/home/web/.rvm/rubies/ruby-2.3.1/lib/ruby/2.3.0/webrick/httpserver.rb:140:in `service'
/home/web/.rvm/rubies/ruby-2.3.1/lib/ruby/2.3.0/webrick/httpserver.rb:96:in `run'
/home/web/.rvm/rubies/ruby-2.3.1/lib/ruby/2.3.0/webrick/server.rb:296:in `block in start_thread'
Started GET "/api/v1/projects" for 127.0.0.1 at 2020-02-04 15:26:51 +0530
  
ActionController::RoutingError (uninitialized constant ApiController):
  
app/controllers/api/v1/projects_controller.rb:1:in `<top (required)>'
DEPRECATION WARNING: Leaving `ActiveRecord::ConnectionAdapters::SQLite3Adapter.represent_boolean_as_integer`
set to false is deprecated. SQLite databases have used 't' and 'f' to serialize
boolean values and must have old data converted to 1 and 0 (its native boolean
serialization) before setting this flag to true. Conversion can be accomplished
by setting up a rake task which runs

  ExampleModel.where("boolean_column = 't'").update_all(boolean_column: 1)
  ExampleModel.where("boolean_column = 'f'").update_all(boolean_column: 0)

for all models and all boolean columns, after which the flag must be set to
true by adding the following to your application.rb file:

  Rails.application.config.active_record.sqlite3.represent_boolean_as_integer = true
 (called from instance_eval at /home/web/.rvm/gems/ruby-2.3.1/gems/activesupport-5.2.4/lib/active_support/lazy_load_hooks.rb:71)
Started GET "/api/v1/projects" for 127.0.0.1 at 2020-02-04 15:29:44 +0530
  [1m[35m (1.0ms)[0m  [1m[34mSELECT "schema_migrations"."version" FROM "schema_migrations" ORDER BY "schema_migrations"."version" ASC[0m
  
LoadError (Unable to autoload constant Api::ApiController, expected /home/web/workbench/live/rails_vue_coding_challenge/app/controllers/api/api_controller.rb to define it):
  
app/controllers/api/v1/projects_controller.rb:1:in `<top (required)>'
Started GET "/api/v1/projects" for 127.0.0.1 at 2020-02-04 15:30:02 +0530
  
LoadError (Unable to autoload constant Api::ApiController, expected /home/web/workbench/live/rails_vue_coding_challenge/app/controllers/api/api_controller.rb to define it):
  
app/controllers/api/v1/projects_controller.rb:1:in `<top (required)>'
Started GET "/api/v1/projects" for 127.0.0.1 at 2020-02-04 15:31:42 +0530
Processing by Api::V1::ProjectsController#index as */*
  Parameters: {"project"=>{}}
Completed 200 OK in 0ms (Views: 0.2ms | ActiveRecord: 0.4ms)


DEPRECATION WARNING: Leaving `ActiveRecord::ConnectionAdapters::SQLite3Adapter.represent_boolean_as_integer`
set to false is deprecated. SQLite databases have used 't' and 'f' to serialize
boolean values and must have old data converted to 1 and 0 (its native boolean
serialization) before setting this flag to true. Conversion can be accomplished
by setting up a rake task which runs

  ExampleModel.where("boolean_column = 't'").update_all(boolean_column: 1)
  ExampleModel.where("boolean_column = 'f'").update_all(boolean_column: 0)

for all models and all boolean columns, after which the flag must be set to
true by adding the following to your application.rb file:

  Rails.application.config.active_record.sqlite3.represent_boolean_as_integer = true
 (called from instance_eval at /home/web/.rvm/gems/ruby-2.3.1/gems/activesupport-5.2.4/lib/active_support/lazy_load_hooks.rb:71)
Started GET "/api/v1/projects" for 192.168.1.104 at 2020-02-04 15:33:46 +0530
  [1m[35m (0.1ms)[0m  [1m[34mSELECT "schema_migrations"."version" FROM "schema_migrations" ORDER BY "schema_migrations"."version" ASC[0m
Processing by Api::V1::ProjectsController#index as */*
  Parameters: {"project"=>{}}
Completed 200 OK in 0ms (Views: 0.2ms | ActiveRecord: 0.3ms)


Started GET "/api/v1/projects" for 192.168.1.104 at 2020-02-04 15:35:41 +0530
  
SyntaxError (/home/web/workbench/live/rails_vue_coding_challenge/app/controllers/api/v1/projects_controller.rb:3: syntax error, unexpected ',', expecting =>
        data = {"name": "nikund", "url", "image/user.jpg"}
                                        ^
/home/web/workbench/live/rails_vue_coding_challenge/app/controllers/api/v1/projects_controller.rb:3: syntax error, unexpected '}', expecting keyword_end):
  
app/controllers/api/v1/projects_controller.rb:3: syntax error, unexpected ',', expecting =>
app/controllers/api/v1/projects_controller.rb:3: syntax error, unexpected '}', expecting keyword_end
Started GET "/api/v1/projects" for 192.168.1.104 at 2020-02-04 15:37:38 +0530
Processing by Api::V1::ProjectsController#index as */*
  Parameters: {"project"=>{}}
Completed 200 OK in 1ms (Views: 0.8ms | ActiveRecord: 0.3ms)


Started GET "/api/v1/projects" for 192.168.1.104 at 2020-02-04 15:38:48 +0530
Processing by Api::V1::ProjectsController#index as */*
  Parameters: {"project"=>{}}
Completed 200 OK in 0ms (Views: 0.2ms | ActiveRecord: 0.3ms)


Started GET "/api/v1/projects" for 192.168.1.104 at 2020-02-04 15:40:02 +0530
Processing by Api::V1::ProjectsController#index as */*
  Parameters: {"project"=>{}}
Completed 200 OK in 3ms (Views: 1.7ms | ActiveRecord: 0.4ms)


Started GET "/api/v1/projects" for 192.168.1.141 at 2020-02-04 15:51:54 +0530
Processing by Api::V1::ProjectsController#index as HTML
Completed 200 OK in 0ms (Views: 0.2ms | ActiveRecord: 0.0ms)


Started GET "/api/v1/projects" for 192.168.1.141 at 2020-02-04 15:52:52 +0530
Processing by Api::V1::ProjectsController#index as HTML
Completed 200 OK in 1ms (Views: 0.7ms | ActiveRecord: 0.0ms)


Started GET "/api/v1/projects" for 192.168.1.141 at 2020-02-04 15:53:52 +0530
Processing by Api::V1::ProjectsController#index as HTML
Completed 200 OK in 1ms (Views: 0.8ms | ActiveRecord: 0.0ms)


Started GET "/api/v1/projects" for 192.168.1.141 at 2020-02-04 15:55:20 +0530
Processing by Api::V1::ProjectsController#index as HTML
Completed 200 OK in 1ms (Views: 0.7ms | ActiveRecord: 0.0ms)


Started GET "/api/v1/projects" for 192.168.1.141 at 2020-02-04 15:55:28 +0530
Processing by Api::V1::ProjectsController#index as HTML
Completed 200 OK in 1ms (Views: 0.7ms | ActiveRecord: 0.0ms)


Started GET "/api/v1/projects" for 192.168.1.141 at 2020-02-04 15:56:02 +0530
  
SyntaxError (/home/web/workbench/live/rails_vue_coding_challenge/app/controllers/api/v1/projects_controller.rb:9: syntax error, unexpected {, expecting ']'
      {id: 6, name: 'Yoshi', avatar_...
       ^
/home/web/workbench/live/rails_vue_coding_challenge/app/controllers/api/v1/projects_controller.rb:12: syntax error, unexpected ']', expecting keyword_end):
  
app/controllers/api/v1/projects_controller.rb:9: syntax error, unexpected {, expecting ']'
app/controllers/api/v1/projects_controller.rb:12: syntax error, unexpected ']', expecting keyword_end
Started GET "/api/v1/projects" for 192.168.1.141 at 2020-02-04 15:56:07 +0530
  
SyntaxError (/home/web/workbench/live/rails_vue_coding_challenge/app/controllers/api/v1/projects_controller.rb:9: syntax error, unexpected {, expecting ']'
      {id: 6, name: 'Yoshi', avatar_...
       ^
/home/web/workbench/live/rails_vue_coding_challenge/app/controllers/api/v1/projects_controller.rb:12: syntax error, unexpected ']', expecting keyword_end):
  
app/controllers/api/v1/projects_controller.rb:9: syntax error, unexpected {, expecting ']'
app/controllers/api/v1/projects_controller.rb:12: syntax error, unexpected ']', expecting keyword_end
DEPRECATION WARNING: Leaving `ActiveRecord::ConnectionAdapters::SQLite3Adapter.represent_boolean_as_integer`
set to false is deprecated. SQLite databases have used 't' and 'f' to serialize
boolean values and must have old data converted to 1 and 0 (its native boolean
serialization) before setting this flag to true. Conversion can be accomplished
by setting up a rake task which runs

  ExampleModel.where("boolean_column = 't'").update_all(boolean_column: 1)
  ExampleModel.where("boolean_column = 'f'").update_all(boolean_column: 0)

for all models and all boolean columns, after which the flag must be set to
true by adding the following to your application.rb file:

  Rails.application.config.active_record.sqlite3.represent_boolean_as_integer = true
 (called from instance_eval at /home/web/.rvm/gems/ruby-2.3.1/gems/activesupport-5.2.4/lib/active_support/lazy_load_hooks.rb:71)
Started GET "/api/v1/projects" for 192.168.1.141 at 2020-02-04 15:56:18 +0530
  [1m[35m (0.7ms)[0m  [1m[34mSELECT "schema_migrations"."version" FROM "schema_migrations" ORDER BY "schema_migrations"."version" ASC[0m
  
SyntaxError (/home/web/workbench/live/rails_vue_coding_challenge/app/controllers/api/v1/projects_controller.rb:9: syntax error, unexpected {, expecting ']'
      {id: 6, name: 'Yoshi', avatar_...
       ^
/home/web/workbench/live/rails_vue_coding_challenge/app/controllers/api/v1/projects_controller.rb:12: syntax error, unexpected ']', expecting keyword_end):
  
app/controllers/api/v1/projects_controller.rb:9: syntax error, unexpected {, expecting ']'
app/controllers/api/v1/projects_controller.rb:12: syntax error, unexpected ']', expecting keyword_end
Started GET "/api/v1/projects" for 192.168.1.141 at 2020-02-04 15:56:34 +0530
Processing by Api::V1::ProjectsController#index as HTML
Completed 200 OK in 1ms (Views: 0.7ms | ActiveRecord: 0.0ms)


Started GET "/api/v1/projects" for 192.168.1.141 at 2020-02-04 15:57:11 +0530
Processing by Api::V1::ProjectsController#index as HTML
Completed 200 OK in 0ms (Views: 0.2ms | ActiveRecord: 0.0ms)


Started GET "/api/v1/projects" for 192.168.1.141 at 2020-02-04 15:57:11 +0530
Processing by Api::V1::ProjectsController#index as HTML
Completed 200 OK in 0ms (Views: 0.2ms | ActiveRecord: 0.0ms)


Started GET "/api/v1/projects" for 192.168.1.141 at 2020-02-04 15:57:14 +0530
Processing by Api::V1::ProjectsController#index as HTML
Completed 200 OK in 0ms (Views: 0.2ms | ActiveRecord: 0.0ms)


DEPRECATION WARNING: Leaving `ActiveRecord::ConnectionAdapters::SQLite3Adapter.represent_boolean_as_integer`
set to false is deprecated. SQLite databases have used 't' and 'f' to serialize
boolean values and must have old data converted to 1 and 0 (its native boolean
serialization) before setting this flag to true. Conversion can be accomplished
by setting up a rake task which runs

  ExampleModel.where("boolean_column = 't'").update_all(boolean_column: 1)
  ExampleModel.where("boolean_column = 'f'").update_all(boolean_column: 0)

for all models and all boolean columns, after which the flag must be set to
true by adding the following to your application.rb file:

  Rails.application.config.active_record.sqlite3.represent_boolean_as_integer = true
 (called from require at bin/rails:9)
  [1m[36mUser Load (0.8ms)[0m  [1m[34mSELECT  "users".* FROM "users" ORDER BY "users"."id" ASC LIMIT ?[0m  [["LIMIT", 1]]
  [1m[36mProject Load (0.3ms)[0m  [1m[34mSELECT  "projects".* FROM "projects" ORDER BY "projects"."id" ASC LIMIT ?[0m  [["LIMIT", 1]]
  [1m[36mUser Load (0.4ms)[0m  [1m[34mSELECT  "users".* FROM "users" LIMIT ?[0m  [["LIMIT", 11]]
  [1m[36mUser Load (0.3ms)[0m  [1m[34mSELECT  "users".* FROM "users" LIMIT ?[0m  [["LIMIT", 11]]
  [1m[36mUser Load (0.4ms)[0m  [1m[34mSELECT "users".* FROM "users"[0m
  [1m[36mUser Load (0.4ms)[0m  [1m[34mSELECT  "users".* FROM "users" WHERE "users"."id" = ? LIMIT ?[0m  [["id", 1], ["LIMIT", 11]]
  [1m[36mUser Load (0.4ms)[0m  [1m[34mSELECT "users".* FROM "users" WHERE "users"."id" = ?[0m  [["id", 1]]
  [1m[36mUser Load (0.3ms)[0m  [1m[34mSELECT  "users".* FROM "users" WHERE "users"."id" = ? LIMIT ?[0m  [["id", 1], ["LIMIT", 1]]
DEPRECATION WARNING: Leaving `ActiveRecord::ConnectionAdapters::SQLite3Adapter.represent_boolean_as_integer`
set to false is deprecated. SQLite databases have used 't' and 'f' to serialize
boolean values and must have old data converted to 1 and 0 (its native boolean
serialization) before setting this flag to true. Conversion can be accomplished
by setting up a rake task which runs

  ExampleModel.where("boolean_column = 't'").update_all(boolean_column: 1)
  ExampleModel.where("boolean_column = 'f'").update_all(boolean_column: 0)

for all models and all boolean columns, after which the flag must be set to
true by adding the following to your application.rb file:

  Rails.application.config.active_record.sqlite3.represent_boolean_as_integer = true
 (called from instance_eval at /home/web/.rvm/gems/ruby-2.3.1/gems/activesupport-5.2.4/lib/active_support/lazy_load_hooks.rb:71)
Started GET "/api/v1/projects" for 192.168.1.141 at 2020-02-04 16:12:11 +0530
  [1m[35m (0.1ms)[0m  [1m[34mSELECT "schema_migrations"."version" FROM "schema_migrations" ORDER BY "schema_migrations"."version" ASC[0m
Processing by Api::V1::ProjectsController#index as HTML
Completed 200 OK in 0ms (Views: 0.3ms | ActiveRecord: 0.0ms)


Started GET "/api/v1/projects" for 192.168.1.141 at 2020-02-04 16:12:15 +0530
Processing by Api::V1::ProjectsController#index as HTML
Completed 200 OK in 2ms (Views: 1.5ms | ActiveRecord: 0.0ms)


Started GET "/api/v1/projects" for 192.168.1.141 at 2020-02-04 16:12:23 +0530
Processing by Api::V1::ProjectsController#index as HTML
Completed 200 OK in 0ms (Views: 0.3ms | ActiveRecord: 0.0ms)


Started GET "/api/v1/projects" for 192.168.1.141 at 2020-02-04 16:12:30 +0530
Processing by Api::V1::ProjectsController#index as HTML
Completed 200 OK in 0ms (Views: 0.2ms | ActiveRecord: 0.0ms)


Started GET "/api/v1/projects" for 192.168.1.141 at 2020-02-04 16:12:59 +0530
Processing by Api::V1::ProjectsController#index as HTML
Completed 200 OK in 0ms (Views: 0.2ms | ActiveRecord: 0.0ms)


Started GET "/api/v1/projects" for 192.168.1.141 at 2020-02-04 16:13:08 +0530
Processing by Api::V1::ProjectsController#index as HTML
Completed 200 OK in 1ms (Views: 0.8ms | ActiveRecord: 0.0ms)


DEPRECATION WARNING: Leaving `ActiveRecord::ConnectionAdapters::SQLite3Adapter.represent_boolean_as_integer`
set to false is deprecated. SQLite databases have used 't' and 'f' to serialize
boolean values and must have old data converted to 1 and 0 (its native boolean
serialization) before setting this flag to true. Conversion can be accomplished
by setting up a rake task which runs

  ExampleModel.where("boolean_column = 't'").update_all(boolean_column: 1)
  ExampleModel.where("boolean_column = 'f'").update_all(boolean_column: 0)

for all models and all boolean columns, after which the flag must be set to
true by adding the following to your application.rb file:

  Rails.application.config.active_record.sqlite3.represent_boolean_as_integer = true
 (called from instance_eval at /home/web/.rvm/gems/ruby-2.3.1/gems/activesupport-5.2.4/lib/active_support/lazy_load_hooks.rb:71)
Started GET "/api/v1/projects" for 192.168.1.141 at 2020-02-04 16:13:31 +0530
  [1m[35m (0.9ms)[0m  [1m[34mSELECT "schema_migrations"."version" FROM "schema_migrations" ORDER BY "schema_migrations"."version" ASC[0m
Processing by Api::V1::ProjectsController#index as HTML
Completed 200 OK in 1ms (Views: 0.4ms | ActiveRecord: 0.0ms)


Started GET "/api/v1/projects" for 192.168.1.141 at 2020-02-04 16:13:43 +0530
Processing by Api::V1::ProjectsController#index as HTML
Completed 200 OK in 0ms (Views: 0.2ms | ActiveRecord: 0.0ms)


Started GET "/api/v1/projects" for 192.168.1.141 at 2020-02-04 16:13:45 +0530
Processing by Api::V1::ProjectsController#index as HTML
Completed 200 OK in 1ms (Views: 0.7ms | ActiveRecord: 0.0ms)


Started GET "/api/v1/projects" for 192.168.1.141 at 2020-02-04 16:13:46 +0530
Processing by Api::V1::ProjectsController#index as HTML
Completed 200 OK in 1ms (Views: 0.7ms | ActiveRecord: 0.0ms)


Started GET "/api/v1/projects" for 192.168.1.141 at 2020-02-04 16:13:46 +0530
Processing by Api::V1::ProjectsController#index as HTML
Completed 200 OK in 0ms (Views: 0.2ms | ActiveRecord: 0.0ms)


Started GET "/api/v1/projects" for 192.168.1.141 at 2020-02-04 16:13:46 +0530
Processing by Api::V1::ProjectsController#index as HTML
Completed 200 OK in 1ms (Views: 0.7ms | ActiveRecord: 0.0ms)


Started GET "/api/v1/projects" for 192.168.1.141 at 2020-02-04 16:13:46 +0530
Processing by Api::V1::ProjectsController#index as HTML
Completed 200 OK in 1ms (Views: 0.8ms | ActiveRecord: 0.0ms)


Started GET "/api/v1/projects" for 192.168.1.141 at 2020-02-04 16:13:47 +0530
Processing by Api::V1::ProjectsController#index as HTML
Completed 200 OK in 1ms (Views: 0.7ms | ActiveRecord: 0.0ms)


Started GET "/api/v1/projects" for 192.168.1.141 at 2020-02-04 16:13:47 +0530
Processing by Api::V1::ProjectsController#index as HTML
Completed 200 OK in 1ms (Views: 0.8ms | ActiveRecord: 0.0ms)


Started GET "/api/v1/projects" for 192.168.1.141 at 2020-02-04 16:13:47 +0530
Processing by Api::V1::ProjectsController#index as HTML
Completed 200 OK in 0ms (Views: 0.2ms | ActiveRecord: 0.0ms)


Started GET "/api/v1/projects" for 192.168.1.141 at 2020-02-04 16:13:49 +0530
Processing by Api::V1::ProjectsController#index as HTML
Completed 200 OK in 0ms (Views: 0.2ms | ActiveRecord: 0.0ms)


Started GET "/api/v1/projects" for 192.168.1.141 at 2020-02-04 16:13:50 +0530
Processing by Api::V1::ProjectsController#index as HTML
Completed 200 OK in 0ms (Views: 0.2ms | ActiveRecord: 0.0ms)


Started GET "/api/v1/projects" for 192.168.1.141 at 2020-02-04 16:13:55 +0530
Processing by Api::V1::ProjectsController#index as HTML
Completed 200 OK in 1ms (Views: 0.7ms | ActiveRecord: 0.0ms)


Started GET "/api/v1/projects" for 192.168.1.141 at 2020-02-04 16:13:57 +0530
Processing by Api::V1::ProjectsController#index as HTML
Completed 200 OK in 0ms (Views: 0.2ms | ActiveRecord: 0.0ms)


Started GET "/api/v1/projects" for 192.168.1.141 at 2020-02-04 16:14:21 +0530
Processing by Api::V1::ProjectsController#index as HTML
Completed 200 OK in 0ms (Views: 0.2ms | ActiveRecord: 0.0ms)


Started GET "/api/v1/projects" for 192.168.1.141 at 2020-02-04 16:14:24 +0530
Processing by Api::V1::ProjectsController#index as HTML
Completed 200 OK in 0ms (Views: 0.2ms | ActiveRecord: 0.0ms)


Started GET "/api/v1/projects" for 192.168.1.141 at 2020-02-04 16:14:45 +0530
Processing by Api::V1::ProjectsController#index as HTML
Completed 200 OK in 0ms (Views: 0.2ms | ActiveRecord: 0.0ms)


DEPRECATION WARNING: Leaving `ActiveRecord::ConnectionAdapters::SQLite3Adapter.represent_boolean_as_integer`
set to false is deprecated. SQLite databases have used 't' and 'f' to serialize
boolean values and must have old data converted to 1 and 0 (its native boolean
serialization) before setting this flag to true. Conversion can be accomplished
by setting up a rake task which runs

  ExampleModel.where("boolean_column = 't'").update_all(boolean_column: 1)
  ExampleModel.where("boolean_column = 'f'").update_all(boolean_column: 0)

for all models and all boolean columns, after which the flag must be set to
true by adding the following to your application.rb file:

  Rails.application.config.active_record.sqlite3.represent_boolean_as_integer = true
 (called from instance_eval at /home/web/.rvm/gems/ruby-2.3.1/gems/activesupport-5.2.4/lib/active_support/lazy_load_hooks.rb:71)
Started GET "/" for 192.168.1.104 at 2020-02-04 16:19:22 +0530
  [1m[35m (0.8ms)[0m  [1m[34mSELECT "schema_migrations"."version" FROM "schema_migrations" ORDER BY "schema_migrations"."version" ASC[0m
Processing by LandingController#index as HTML
  Rendering landing/index.html.erb within layouts/application
  Rendered landing/index.html.erb within layouts/application (0.6ms)
[Webpacker] Everything's up-to-date. Nothing to do
Completed 200 OK in 177ms (Views: 176.0ms | ActiveRecord: 0.0ms)


Started GET "/assets/projects.self-b60acab5af8d245ed2b3012f77d11d8d207d8eada27756badaf4ef05770d60f6.css?body=1" for 192.168.1.104 at 2020-02-04 16:19:23 +0530
Started GET "/assets/application.self-9f325836379a48efaf52c9c2faf78547545539daed904a3e87c6500372bd14a1.css?body=1" for 192.168.1.104 at 2020-02-04 16:19:23 +0530
Started GET "/projects" for 192.168.1.104 at 2020-02-04 16:19:27 +0530
Processing by ProjectsController#index as HTML
  [1m[36mUser Load (0.1ms)[0m  [1m[34mSELECT  "users".* FROM "users" WHERE "users"."id" IS NULL LIMIT ?[0m  [["LIMIT", 1]]
Completed 406 Not Acceptable in 18ms (ActiveRecord: 0.3ms)


  
ActionController::UnknownFormat (ProjectsController#index is missing a template for this request format and variant.

request.formats: ["text/html"]
request.variant: []

NOTE! For XHR/Ajax or API requests, this action would normally respond with 204 No Content: an empty white screen. Since you're loading it in a web browser, we assume that you expected to actually render a template, not nothing, so we're showing an error to be extra-clear. If you expect 204 No Content, carry on. That's what you'll get from an XHR or API request. Give it a shot.):
  
actionpack (5.2.4) lib/action_controller/metal/implicit_render.rb:55:in `default_render'
actionpack (5.2.4) lib/action_controller/metal/basic_implicit_render.rb:6:in `block in send_action'
actionpack (5.2.4) lib/action_controller/metal/basic_implicit_render.rb:6:in `tap'
actionpack (5.2.4) lib/action_controller/metal/basic_implicit_render.rb:6:in `send_action'
actionpack (5.2.4) lib/abstract_controller/base.rb:194:in `process_action'
actionpack (5.2.4) lib/action_controller/metal/rendering.rb:30:in `process_action'
actionpack (5.2.4) lib/abstract_controller/callbacks.rb:42:in `block in process_action'
activesupport (5.2.4) lib/active_support/callbacks.rb:132:in `run_callbacks'
actionpack (5.2.4) lib/abstract_controller/callbacks.rb:41:in `process_action'
actionpack (5.2.4) lib/action_controller/metal/rescue.rb:22:in `process_action'
actionpack (5.2.4) lib/action_controller/metal/instrumentation.rb:34:in `block in process_action'
activesupport (5.2.4) lib/active_support/notifications.rb:168:in `block in instrument'
activesupport (5.2.4) lib/active_support/notifications/instrumenter.rb:23:in `instrument'
activesupport (5.2.4) lib/active_support/notifications.rb:168:in `instrument'
actionpack (5.2.4) lib/action_controller/metal/instrumentation.rb:32:in `process_action'
actionpack (5.2.4) lib/action_controller/metal/params_wrapper.rb:256:in `process_action'
activerecord (5.2.4) lib/active_record/railties/controller_runtime.rb:24:in `process_action'
actionpack (5.2.4) lib/abstract_controller/base.rb:134:in `process'
actionview (5.2.4) lib/action_view/rendering.rb:32:in `process'
actionpack (5.2.4) lib/action_controller/metal.rb:191:in `dispatch'
actionpack (5.2.4) lib/action_controller/metal.rb:252:in `dispatch'
actionpack (5.2.4) lib/action_dispatch/routing/route_set.rb:52:in `dispatch'
actionpack (5.2.4) lib/action_dispatch/routing/route_set.rb:34:in `serve'
actionpack (5.2.4) lib/action_dispatch/journey/router.rb:52:in `block in serve'
actionpack (5.2.4) lib/action_dispatch/journey/router.rb:35:in `each'
actionpack (5.2.4) lib/action_dispatch/journey/router.rb:35:in `serve'
actionpack (5.2.4) lib/action_dispatch/routing/route_set.rb:840:in `call'
rack (2.1.2) lib/rack/tempfile_reaper.rb:17:in `call'
rack (2.1.2) lib/rack/etag.rb:27:in `call'
rack (2.1.2) lib/rack/conditional_get.rb:27:in `call'
rack (2.1.2) lib/rack/head.rb:14:in `call'
actionpack (5.2.4) lib/action_dispatch/http/content_security_policy.rb:18:in `call'
rack (2.1.2) lib/rack/session/abstract/id.rb:269:in `context'
rack (2.1.2) lib/rack/session/abstract/id.rb:263:in `call'
actionpack (5.2.4) lib/action_dispatch/middleware/cookies.rb:670:in `call'
activerecord (5.2.4) lib/active_record/migration.rb:559:in `call'
actionpack (5.2.4) lib/action_dispatch/middleware/callbacks.rb:28:in `block in call'
activesupport (5.2.4) lib/active_support/callbacks.rb:98:in `run_callbacks'
actionpack (5.2.4) lib/action_dispatch/middleware/callbacks.rb:26:in `call'
actionpack (5.2.4) lib/action_dispatch/middleware/executor.rb:14:in `call'
actionpack (5.2.4) lib/action_dispatch/middleware/debug_exceptions.rb:61:in `call'
actionpack (5.2.4) lib/action_dispatch/middleware/show_exceptions.rb:33:in `call'
railties (5.2.4) lib/rails/rack/logger.rb:38:in `call_app'
railties (5.2.4) lib/rails/rack/logger.rb:26:in `block in call'
activesupport (5.2.4) lib/active_support/tagged_logging.rb:71:in `block in tagged'
activesupport (5.2.4) lib/active_support/tagged_logging.rb:28:in `tagged'
activesupport (5.2.4) lib/active_support/tagged_logging.rb:71:in `tagged'
railties (5.2.4) lib/rails/rack/logger.rb:26:in `call'
actionpack (5.2.4) lib/action_dispatch/middleware/remote_ip.rb:81:in `call'
actionpack (5.2.4) lib/action_dispatch/middleware/request_id.rb:27:in `call'
rack (2.1.2) lib/rack/method_override.rb:24:in `call'
rack (2.1.2) lib/rack/runtime.rb:24:in `call'
activesupport (5.2.4) lib/active_support/cache/strategy/local_cache_middleware.rb:29:in `call'
actionpack (5.2.4) lib/action_dispatch/middleware/executor.rb:14:in `call'
actionpack (5.2.4) lib/action_dispatch/middleware/static.rb:127:in `call'
rack (2.1.2) lib/rack/sendfile.rb:113:in `call'
webpacker (4.2.2) lib/webpacker/dev_server_proxy.rb:23:in `perform_request'
rack-proxy (0.6.5) lib/rack/proxy.rb:57:in `call'
railties (5.2.4) lib/rails/engine.rb:524:in `call'
rack (2.1.2) lib/rack/handler/webrick.rb:88:in `service'
/home/web/.rvm/rubies/ruby-2.3.1/lib/ruby/2.3.0/webrick/httpserver.rb:140:in `service'
/home/web/.rvm/rubies/ruby-2.3.1/lib/ruby/2.3.0/webrick/httpserver.rb:96:in `run'
/home/web/.rvm/rubies/ruby-2.3.1/lib/ruby/2.3.0/webrick/server.rb:296:in `block in start_thread'
Started GET "/api/v1/projects" for 192.168.1.141 at 2020-02-04 16:19:31 +0530
Processing by Api::V1::ProjectsController#index as HTML
Completed 200 OK in 1ms (Views: 0.3ms | ActiveRecord: 0.0ms)


Started GET "/api/v1/projects" for 192.168.1.141 at 2020-02-04 16:19:43 +0530
Processing by Api::V1::ProjectsController#index as HTML
Completed 200 OK in 0ms (Views: 0.3ms | ActiveRecord: 0.0ms)


Started GET "/projects" for 192.168.1.104 at 2020-02-04 16:21:01 +0530
Processing by ProjectsController#index as HTML
  [1m[36mUser Load (0.1ms)[0m  [1m[34mSELECT  "users".* FROM "users" WHERE "users"."id" IS NULL LIMIT ?[0m  [["LIMIT", 1]]
  Rendering projects/index.html.erb within layouts/application
  Rendered projects/index.html.erb within layouts/application (0.2ms)
[Webpacker] Everything's up-to-date. Nothing to do
Completed 200 OK in 17ms (Views: 16.1ms | ActiveRecord: 0.1ms)


Started GET "/assets/projects.self-b60acab5af8d245ed2b3012f77d11d8d207d8eada27756badaf4ef05770d60f6.css?body=1" for 192.168.1.104 at 2020-02-04 16:21:01 +0530
Started GET "/assets/application.self-9f325836379a48efaf52c9c2faf78547545539daed904a3e87c6500372bd14a1.css?body=1" for 192.168.1.104 at 2020-02-04 16:21:01 +0530
Started GET "/projects" for 192.168.1.104 at 2020-02-04 16:21:28 +0530
Processing by ProjectsController#index as HTML
  [1m[36mUser Load (0.1ms)[0m  [1m[34mSELECT  "users".* FROM "users" WHERE "users"."id" IS NULL LIMIT ?[0m  [["LIMIT", 1]]
  Rendering projects/index.html.erb within layouts/application
  Rendered projects/index.html.erb within layouts/application (0.2ms)
[Webpacker] Everything's up-to-date. Nothing to do
Completed 200 OK in 13ms (Views: 8.0ms | ActiveRecord: 0.3ms)


Started GET "/assets/projects.self-b60acab5af8d245ed2b3012f77d11d8d207d8eada27756badaf4ef05770d60f6.css?body=1" for 192.168.1.104 at 2020-02-04 16:21:29 +0530
Started GET "/assets/application.self-9f325836379a48efaf52c9c2faf78547545539daed904a3e87c6500372bd14a1.css?body=1" for 192.168.1.104 at 2020-02-04 16:21:29 +0530
Started GET "/projects/9" for 192.168.1.104 at 2020-02-04 16:21:35 +0530
  
AbstractController::ActionNotFound (The action 'show' could not be found for ProjectsController):
  
actionpack (5.2.4) lib/abstract_controller/base.rb:129:in `process'
actionview (5.2.4) lib/action_view/rendering.rb:32:in `process'
actionpack (5.2.4) lib/action_controller/metal.rb:191:in `dispatch'
actionpack (5.2.4) lib/action_controller/metal.rb:252:in `dispatch'
actionpack (5.2.4) lib/action_dispatch/routing/route_set.rb:52:in `dispatch'
actionpack (5.2.4) lib/action_dispatch/routing/route_set.rb:34:in `serve'
actionpack (5.2.4) lib/action_dispatch/journey/router.rb:52:in `block in serve'
actionpack (5.2.4) lib/action_dispatch/journey/router.rb:35:in `each'
actionpack (5.2.4) lib/action_dispatch/journey/router.rb:35:in `serve'
actionpack (5.2.4) lib/action_dispatch/routing/route_set.rb:840:in `call'
rack (2.1.2) lib/rack/tempfile_reaper.rb:17:in `call'
rack (2.1.2) lib/rack/etag.rb:27:in `call'
rack (2.1.2) lib/rack/conditional_get.rb:27:in `call'
rack (2.1.2) lib/rack/head.rb:14:in `call'
actionpack (5.2.4) lib/action_dispatch/http/content_security_policy.rb:18:in `call'
rack (2.1.2) lib/rack/session/abstract/id.rb:269:in `context'
rack (2.1.2) lib/rack/session/abstract/id.rb:263:in `call'
actionpack (5.2.4) lib/action_dispatch/middleware/cookies.rb:670:in `call'
activerecord (5.2.4) lib/active_record/migration.rb:559:in `call'
actionpack (5.2.4) lib/action_dispatch/middleware/callbacks.rb:28:in `block in call'
activesupport (5.2.4) lib/active_support/callbacks.rb:98:in `run_callbacks'
actionpack (5.2.4) lib/action_dispatch/middleware/callbacks.rb:26:in `call'
actionpack (5.2.4) lib/action_dispatch/middleware/executor.rb:14:in `call'
actionpack (5.2.4) lib/action_dispatch/middleware/debug_exceptions.rb:61:in `call'
actionpack (5.2.4) lib/action_dispatch/middleware/show_exceptions.rb:33:in `call'
railties (5.2.4) lib/rails/rack/logger.rb:38:in `call_app'
railties (5.2.4) lib/rails/rack/logger.rb:26:in `block in call'
activesupport (5.2.4) lib/active_support/tagged_logging.rb:71:in `block in tagged'
activesupport (5.2.4) lib/active_support/tagged_logging.rb:28:in `tagged'
activesupport (5.2.4) lib/active_support/tagged_logging.rb:71:in `tagged'
railties (5.2.4) lib/rails/rack/logger.rb:26:in `call'
actionpack (5.2.4) lib/action_dispatch/middleware/remote_ip.rb:81:in `call'
actionpack (5.2.4) lib/action_dispatch/middleware/request_id.rb:27:in `call'
rack (2.1.2) lib/rack/method_override.rb:24:in `call'
rack (2.1.2) lib/rack/runtime.rb:24:in `call'
activesupport (5.2.4) lib/active_support/cache/strategy/local_cache_middleware.rb:29:in `call'
actionpack (5.2.4) lib/action_dispatch/middleware/executor.rb:14:in `call'
actionpack (5.2.4) lib/action_dispatch/middleware/static.rb:127:in `call'
rack (2.1.2) lib/rack/sendfile.rb:113:in `call'
webpacker (4.2.2) lib/webpacker/dev_server_proxy.rb:23:in `perform_request'
rack-proxy (0.6.5) lib/rack/proxy.rb:57:in `call'
railties (5.2.4) lib/rails/engine.rb:524:in `call'
rack (2.1.2) lib/rack/handler/webrick.rb:88:in `service'
/home/web/.rvm/rubies/ruby-2.3.1/lib/ruby/2.3.0/webrick/httpserver.rb:140:in `service'
/home/web/.rvm/rubies/ruby-2.3.1/lib/ruby/2.3.0/webrick/httpserver.rb:96:in `run'
/home/web/.rvm/rubies/ruby-2.3.1/lib/ruby/2.3.0/webrick/server.rb:296:in `block in start_thread'
Started GET "/projects/9" for 192.168.1.104 at 2020-02-04 16:22:10 +0530
Processing by ProjectsController#show as HTML
  Parameters: {"id"=>"9"}
  [1m[36mUser Load (0.1ms)[0m  [1m[34mSELECT  "users".* FROM "users" WHERE "users"."id" IS NULL LIMIT ?[0m  [["LIMIT", 1]]
Completed 406 Not Acceptable in 19ms (ActiveRecord: 0.3ms)


  
ActionController::UnknownFormat (ProjectsController#show is missing a template for this request format and variant.

request.formats: ["text/html"]
request.variant: []

NOTE! For XHR/Ajax or API requests, this action would normally respond with 204 No Content: an empty white screen. Since you're loading it in a web browser, we assume that you expected to actually render a template, not nothing, so we're showing an error to be extra-clear. If you expect 204 No Content, carry on. That's what you'll get from an XHR or API request. Give it a shot.):
  
actionpack (5.2.4) lib/action_controller/metal/implicit_render.rb:55:in `default_render'
actionpack (5.2.4) lib/action_controller/metal/basic_implicit_render.rb:6:in `block in send_action'
actionpack (5.2.4) lib/action_controller/metal/basic_implicit_render.rb:6:in `tap'
actionpack (5.2.4) lib/action_controller/metal/basic_implicit_render.rb:6:in `send_action'
actionpack (5.2.4) lib/abstract_controller/base.rb:194:in `process_action'
actionpack (5.2.4) lib/action_controller/metal/rendering.rb:30:in `process_action'
actionpack (5.2.4) lib/abstract_controller/callbacks.rb:42:in `block in process_action'
activesupport (5.2.4) lib/active_support/callbacks.rb:132:in `run_callbacks'
actionpack (5.2.4) lib/abstract_controller/callbacks.rb:41:in `process_action'
actionpack (5.2.4) lib/action_controller/metal/rescue.rb:22:in `process_action'
actionpack (5.2.4) lib/action_controller/metal/instrumentation.rb:34:in `block in process_action'
activesupport (5.2.4) lib/active_support/notifications.rb:168:in `block in instrument'
activesupport (5.2.4) lib/active_support/notifications/instrumenter.rb:23:in `instrument'
activesupport (5.2.4) lib/active_support/notifications.rb:168:in `instrument'
actionpack (5.2.4) lib/action_controller/metal/instrumentation.rb:32:in `process_action'
actionpack (5.2.4) lib/action_controller/metal/params_wrapper.rb:256:in `process_action'
activerecord (5.2.4) lib/active_record/railties/controller_runtime.rb:24:in `process_action'
actionpack (5.2.4) lib/abstract_controller/base.rb:134:in `process'
actionview (5.2.4) lib/action_view/rendering.rb:32:in `process'
actionpack (5.2.4) lib/action_controller/metal.rb:191:in `dispatch'
actionpack (5.2.4) lib/action_controller/metal.rb:252:in `dispatch'
actionpack (5.2.4) lib/action_dispatch/routing/route_set.rb:52:in `dispatch'
actionpack (5.2.4) lib/action_dispatch/routing/route_set.rb:34:in `serve'
actionpack (5.2.4) lib/action_dispatch/journey/router.rb:52:in `block in serve'
actionpack (5.2.4) lib/action_dispatch/journey/router.rb:35:in `each'
actionpack (5.2.4) lib/action_dispatch/journey/router.rb:35:in `serve'
actionpack (5.2.4) lib/action_dispatch/routing/route_set.rb:840:in `call'
rack (2.1.2) lib/rack/tempfile_reaper.rb:17:in `call'
rack (2.1.2) lib/rack/etag.rb:27:in `call'
rack (2.1.2) lib/rack/conditional_get.rb:27:in `call'
rack (2.1.2) lib/rack/head.rb:14:in `call'
actionpack (5.2.4) lib/action_dispatch/http/content_security_policy.rb:18:in `call'
rack (2.1.2) lib/rack/session/abstract/id.rb:269:in `context'
rack (2.1.2) lib/rack/session/abstract/id.rb:263:in `call'
actionpack (5.2.4) lib/action_dispatch/middleware/cookies.rb:670:in `call'
activerecord (5.2.4) lib/active_record/migration.rb:559:in `call'
actionpack (5.2.4) lib/action_dispatch/middleware/callbacks.rb:28:in `block in call'
activesupport (5.2.4) lib/active_support/callbacks.rb:98:in `run_callbacks'
actionpack (5.2.4) lib/action_dispatch/middleware/callbacks.rb:26:in `call'
actionpack (5.2.4) lib/action_dispatch/middleware/executor.rb:14:in `call'
actionpack (5.2.4) lib/action_dispatch/middleware/debug_exceptions.rb:61:in `call'
actionpack (5.2.4) lib/action_dispatch/middleware/show_exceptions.rb:33:in `call'
railties (5.2.4) lib/rails/rack/logger.rb:38:in `call_app'
railties (5.2.4) lib/rails/rack/logger.rb:26:in `block in call'
activesupport (5.2.4) lib/active_support/tagged_logging.rb:71:in `block in tagged'
activesupport (5.2.4) lib/active_support/tagged_logging.rb:28:in `tagged'
activesupport (5.2.4) lib/active_support/tagged_logging.rb:71:in `tagged'
railties (5.2.4) lib/rails/rack/logger.rb:26:in `call'
actionpack (5.2.4) lib/action_dispatch/middleware/remote_ip.rb:81:in `call'
actionpack (5.2.4) lib/action_dispatch/middleware/request_id.rb:27:in `call'
rack (2.1.2) lib/rack/method_override.rb:24:in `call'
rack (2.1.2) lib/rack/runtime.rb:24:in `call'
activesupport (5.2.4) lib/active_support/cache/strategy/local_cache_middleware.rb:29:in `call'
actionpack (5.2.4) lib/action_dispatch/middleware/executor.rb:14:in `call'
actionpack (5.2.4) lib/action_dispatch/middleware/static.rb:127:in `call'
rack (2.1.2) lib/rack/sendfile.rb:113:in `call'
webpacker (4.2.2) lib/webpacker/dev_server_proxy.rb:23:in `perform_request'
rack-proxy (0.6.5) lib/rack/proxy.rb:57:in `call'
railties (5.2.4) lib/rails/engine.rb:524:in `call'
rack (2.1.2) lib/rack/handler/webrick.rb:88:in `service'
/home/web/.rvm/rubies/ruby-2.3.1/lib/ruby/2.3.0/webrick/httpserver.rb:140:in `service'
/home/web/.rvm/rubies/ruby-2.3.1/lib/ruby/2.3.0/webrick/httpserver.rb:96:in `run'
/home/web/.rvm/rubies/ruby-2.3.1/lib/ruby/2.3.0/webrick/server.rb:296:in `block in start_thread'
Started GET "/projects/9" for 192.168.1.104 at 2020-02-04 16:22:29 +0530
Processing by ProjectsController#show as HTML
  Parameters: {"id"=>"9"}
  [1m[36mUser Load (0.2ms)[0m  [1m[34mSELECT  "users".* FROM "users" WHERE "users"."id" IS NULL LIMIT ?[0m  [["LIMIT", 1]]
  Rendering projects/show.html.erb within layouts/application
  Rendered projects/show.html.erb within layouts/application (1.4ms)
[Webpacker] Everything's up-to-date. Nothing to do
Completed 200 OK in 27ms (Views: 23.8ms | ActiveRecord: 0.2ms)


Started GET "/assets/projects.self-b60acab5af8d245ed2b3012f77d11d8d207d8eada27756badaf4ef05770d60f6.css?body=1" for 192.168.1.104 at 2020-02-04 16:22:29 +0530
Started GET "/assets/application.self-9f325836379a48efaf52c9c2faf78547545539daed904a3e87c6500372bd14a1.css?body=1" for 192.168.1.104 at 2020-02-04 16:22:29 +0530
Started GET "/projects/9" for 192.168.1.104 at 2020-02-04 16:22:53 +0530
Processing by ProjectsController#show as HTML
  Parameters: {"id"=>"9"}
  [1m[36mUser Load (0.1ms)[0m  [1m[34mSELECT  "users".* FROM "users" WHERE "users"."id" = ? LIMIT ?[0m  [["id", 9], ["LIMIT", 1]]
  Rendering projects/show.html.erb within layouts/application
  Rendered projects/show.html.erb within layouts/application (0.2ms)
[Webpacker] Everything's up-to-date. Nothing to do
Completed 200 OK in 11ms (Views: 7.2ms | ActiveRecord: 0.3ms)


Started GET "/assets/projects.self-b60acab5af8d245ed2b3012f77d11d8d207d8eada27756badaf4ef05770d60f6.css?body=1" for 192.168.1.104 at 2020-02-04 16:22:53 +0530
Started GET "/assets/application.self-9f325836379a48efaf52c9c2faf78547545539daed904a3e87c6500372bd14a1.css?body=1" for 192.168.1.104 at 2020-02-04 16:22:53 +0530
Started GET "/projects/9" for 192.168.1.104 at 2020-02-04 16:23:05 +0530
Processing by ProjectsController#show as HTML
  Parameters: {"id"=>"9"}
  [1m[36mUser Load (0.1ms)[0m  [1m[34mSELECT  "users".* FROM "users" WHERE "users"."id" = ? LIMIT ?[0m  [["id", 9], ["LIMIT", 1]]
  Rendering projects/show.html.erb within layouts/application
  Rendered projects/show.html.erb within layouts/application (0.2ms)
[Webpacker] Everything's up-to-date. Nothing to do
Completed 200 OK in 16ms (Views: 13.8ms | ActiveRecord: 0.1ms)


Started GET "/assets/application.self-9f325836379a48efaf52c9c2faf78547545539daed904a3e87c6500372bd14a1.css?body=1" for 192.168.1.104 at 2020-02-04 16:23:05 +0530
Started GET "/assets/projects.self-b60acab5af8d245ed2b3012f77d11d8d207d8eada27756badaf4ef05770d60f6.css?body=1" for 192.168.1.104 at 2020-02-04 16:23:05 +0530
Started GET "/api/v1/projects" for 192.168.1.141 at 2020-02-04 16:23:19 +0530
Processing by Api::V1::ProjectsController#index as HTML
Completed 200 OK in 0ms (Views: 0.2ms | ActiveRecord: 0.0ms)


Started GET "/api/v1/projects" for 192.168.1.141 at 2020-02-04 16:29:12 +0530
Processing by Api::V1::ProjectsController#index as HTML
Completed 200 OK in 0ms (Views: 0.2ms | ActiveRecord: 0.0ms)


Started GET "/api/v1/projects" for 192.168.1.141 at 2020-02-04 16:29:14 +0530
Processing by Api::V1::ProjectsController#index as HTML
Completed 200 OK in 0ms (Views: 0.2ms | ActiveRecord: 0.0ms)


DEPRECATION WARNING: Leaving `ActiveRecord::ConnectionAdapters::SQLite3Adapter.represent_boolean_as_integer`
set to false is deprecated. SQLite databases have used 't' and 'f' to serialize
boolean values and must have old data converted to 1 and 0 (its native boolean
serialization) before setting this flag to true. Conversion can be accomplished
by setting up a rake task which runs

  ExampleModel.where("boolean_column = 't'").update_all(boolean_column: 1)
  ExampleModel.where("boolean_column = 'f'").update_all(boolean_column: 0)

for all models and all boolean columns, after which the flag must be set to
true by adding the following to your application.rb file:

  Rails.application.config.active_record.sqlite3.represent_boolean_as_integer = true
 (called from instance_eval at /home/web/.rvm/gems/ruby-2.3.1/gems/activesupport-5.2.4/lib/active_support/lazy_load_hooks.rb:71)
Started GET "/api/v1/projects" for 192.168.1.141 at 2020-02-04 16:34:07 +0530
  [1m[35m (0.1ms)[0m  [1m[34mSELECT "schema_migrations"."version" FROM "schema_migrations" ORDER BY "schema_migrations"."version" ASC[0m
Processing by Api::V1::ProjectsController#index as HTML
Completed 200 OK in 0ms (Views: 0.3ms | ActiveRecord: 0.0ms)


Started GET "/api/v1/projects" for 192.168.1.141 at 2020-02-04 16:34:20 +0530
Processing by Api::V1::ProjectsController#index as HTML
Completed 200 OK in 0ms (Views: 0.2ms | ActiveRecord: 0.0ms)


Started GET "/api/v1/projects" for 192.168.1.141 at 2020-02-04 16:34:25 +0530
Processing by Api::V1::ProjectsController#index as HTML
Completed 200 OK in 0ms (Views: 0.2ms | ActiveRecord: 0.0ms)


Started GET "/api/v1/projects" for 192.168.1.141 at 2020-02-04 16:34:27 +0530
Processing by Api::V1::ProjectsController#index as HTML
Completed 200 OK in 0ms (Views: 0.2ms | ActiveRecord: 0.0ms)


Started GET "/api/v1/projects" for 192.168.1.141 at 2020-02-04 16:34:32 +0530
Processing by Api::V1::ProjectsController#index as HTML
Completed 200 OK in 1ms (Views: 0.7ms | ActiveRecord: 0.0ms)


Started GET "/" for 192.168.1.104 at 2020-02-04 16:35:52 +0530
Processing by LandingController#index as HTML
  Rendering landing/index.html.erb within layouts/application
  Rendered landing/index.html.erb within layouts/application (0.5ms)
[Webpacker] Everything's up-to-date. Nothing to do
Completed 200 OK in 213ms (Views: 211.6ms | ActiveRecord: 0.0ms)


Started GET "/api/v1/projects" for 192.168.1.141 at 2020-02-04 16:38:45 +0530
Processing by Api::V1::ProjectsController#index as HTML
Completed 200 OK in 0ms (Views: 0.2ms | ActiveRecord: 0.0ms)


Started GET "/api/v1/projects" for 192.168.1.141 at 2020-02-04 16:38:48 +0530
Processing by Api::V1::ProjectsController#index as HTML
Completed 200 OK in 0ms (Views: 0.2ms | ActiveRecord: 0.0ms)


Started GET "/projects" for 192.168.1.104 at 2020-02-04 16:42:31 +0530
Processing by ProjectsController#index as */*
  Parameters: {"project"=>{}}
Completed 200 OK in 1ms (Views: 0.8ms | ActiveRecord: 0.3ms)


